(u'"ORD"', 12446097)
(u'"ATL"', 11537401)
(u'"DFW"', 10795494)
(u'"LAX"', 7721141)
(u'"PHX"', 6582467)
(u'"DEN"', 6270420)
(u'"DTW"', 5635421)
(u'"IAH"', 5478257)
(u'"MSP"', 5197649)
(u'"SFO"', 5168898)
(u'"EWR"', 5136127)
(u'"STL"', 5122503)
(u'"LAS"', 4960955)
(u'"CLT"', 4823787)
(u'"LGA"', 4336304)
(u'"BOS"', 4310428)
(u'"PHL"', 4078726)
(u'"PIT"', 3935285)
(u'"SLC"', 3814190)
(u'"SEA"', 3728837)
(u'"MCO"', 3721008)
(u'"CVG"', 3683469)
(u'"DCA"', 3463270)
(u'"BWI"', 3230199)
(u'"SAN"', 2907667)
(u'"MIA"', 2732674)
(u'"CLE"', 2706500)
(u'"IAD"', 2550823)
(u'"JFK"', 2511187)
(u'"TPA"', 2483867)
(u'"HOU"', 2274882)
(u'"MEM"', 2270191)
(u'"BNA"', 2222022)
(u'"MDW"', 2219987)
(u'"MCI"', 2206191)
(u'"OAK"', 2188240)
(u'"SJC"', 2078511)
(u'"PDX"', 1989077)
(u'"RDU"', 1947433)
(u'"FLL"', 1904901)
(u'"DAL"', 1799509)
(u'"MSY"', 1792366)
(u'"IND"', 1559575)
(u'"SNA"', 1544129)
(u'"SMF"', 1532846)
(u'"SAT"', 1521877)
(u'"AUS"', 1509987)
(u'"ONT"', 1464215)
(u'"CMH"', 1431676)
(u'"ABQ"', 1428081)
(u'"BDL"', 1221316)
(u'"BUR"', 1094783)
(u'"PBI"', 1005777)
(u'"JAX"', 977590)
(u'"HNL"', 973943)
(u'"ELP"', 968423)
(u'"RNO"', 961299)
(u'"BUF"', 926148)
(u'"OKC"', 907550)
(u'"TUL"', 883650)
(u'"SDF"', 872043)
(u'"SJU"', 868464)
(u'"MKE"', 842495)
(u'"PVD"', 828296)
(u'"ORF"', 813816)
(u'"TUS"', 781806)
(u'"BHM"', 765829)
(u'"OMA"', 765297)
(u'"RSW"', 754969)
(u'"ANC"', 743274)
(u'"GSO"', 736336)
(u'"DAY"', 720382)
(u'"ROC"', 699507)
(u'"RIC"', 676526)
(u'"SYR"', 634850)
(u'"LIT"', 620873)
(u'"ALB"', 551504)
(u'"COS"', 511749)
(u'"GEG"', 496509)
(u'"GRR"', 455855)
(u'"MHT"', 451738)
(u'"BOI"', 449306)
(u'"CHS"', 422800)
(u'"DSM"', 419033)
(u'"ICT"', 397652)
(u'"GSP"', 382481)
(u'"TYS"', 381061)
(u'"JAN"', 358738)
(u'"SAV"', 351569)
(u'"LBB"', 325222)
(u'"CAE"', 321310)
(u'"SRQ"', 319204)
(u'"MDT"', 317568)
(u'"OGG"', 314415)
(u'"PWM"', 306058)
(u'"HSV"', 303071)
(u'"PNS"', 297986)
(u'"LGB"', 296051)
(u'"MAF"', 294234)
(u'"ISP"', 293445)
(u'"BTR"', 284417)
(u'"MSN"', 280252)
(u'"PSP"', 278175)
(u'"FAT"', 259671)
(u'"LEX"', 249460)
(u'"AMA"', 247002)
(u'"CID"', 244688)
(u'"SHV"', 243538)
(u'"HPN"', 236735)
(u'"ABE"', 236094)
(u'"CRP"', 231699)
(u'"SBA"', 228210)
(u'"MOB"', 228082)
(u'"HRL"', 218573)
(u'"BTV"', 210310)
(u'"FSD"', 195130)
(u'"TLH"', 194399)
(u'"FAI"', 187332)
(u'"BIL"', 174533)
(u'"XNA"', 166467)
(u'"JNU"', 166020)
(u'"DAB"', 165764)
(u'"GRB"', 163187)
(u'"MYR"', 157749)
(u'"SGF"', 156574)
(u'"CAK"', 154699)
(u'"FWA"', 149262)
(u'"KOA"', 147653)
(u'"MLI"', 144477)
(u'"MBS"', 143550)
(u'"LIH"', 142206)
(u'"EUG"', 139368)
(u'"CHA"', 135634)
(u'"BZN"', 135062)
(u'"ROA"', 133819)
(u'"MFE"', 129979)
(u'"MRY"', 128873)
(u'"LAN"', 128385)
(u'"MLB"', 127450)
(u'"SBN"', 125917)
(u'"FAR"', 123894)
(u'"AZO"', 122912)
(u'"LNK"', 122764)
(u'"CRW"', 116938)
(u'"GTF"', 115569)
(u'"RST"', 113534)
(u'"STT"', 112477)
(u'"TOL"', 111879)
(u'"SWF"', 110161)
(u'"AVL"', 109406)
(u'"ILM"', 109043)
(u'"VPS"', 108565)
(u'"FNT"', 107343)
(u'"MSO"', 106254)
(u'"MFR"', 105530)
(u'"BGR"', 102965)
(u'"AGS"', 102541)
(u'"MGM"', 102334)
(u'"RAP"', 101794)
(u'"MLU"', 98019)
(u'"KTN"', 97218)
(u'"GPT"', 93361)
(u'"TRI"', 93103)
(u'"BIS"', 91910)
(u'"EVV"', 91251)
(u'"AVP"', 89470)
(u'"JAC"', 86889)
(u'"FAY"', 84823)
(u'"PHF"', 84478)
(u'"PIA"', 83157)
(u'"SBP"', 78583)
(u'"PSC"', 73586)
(u'"LFT"', 73515)
(u'"BFL"', 70830)
(u'"GNV"', 69124)
(u'"IDA"', 68852)
(u'"ITO"', 68303)
(u'"GJT"', 66766)
(u'"TVC"', 65407)
(u'"FCA"', 62946)
(u'"DLH"', 62742)
(u'"ERI"', 55521)
(u'"LSE"', 54151)
(u'"CMI"', 52492)
(u'"DET"', 51891)
(u'"MOT"', 51847)
(u'"SIT"', 51246)
(u'"STX"', 51202)
(u'"BGM"', 51033)
(u'"CPR"', 50434)
(u'"HLN"', 50345)
(u'"PFN"', 49960)
(u'"ATW"', 47464)
(u'"EGE"', 46349)
(u'"ELM"', 45783)
(u'"ACV"', 45521)
(u'"GFK"', 45334)
(u'"BMI"', 43808)
(u'"YUM"', 43806)
(u'"GRK"', 43038)
(u'"OME"', 40251)
(u'"RDM"', 39431)
(u'"ABI"', 39323)
(u'"OTZ"', 39072)
(u'"ACT"', 38339)
(u'"CHO"', 37541)
(u'"DRO"', 37500)
(u'"TYR"', 37284)
(u'"SGU"', 37173)
(u'"CLL"', 36852)
(u'"BET"', 36840)
(u'"HDN"', 36546)
(u'"CSG"', 36065)
(u'"SUN"', 35773)
(u'"ITH"', 34926)
(u'"SUX"', 34435)
(u'"AEX"', 33813)
(u'"FSM"', 33784)
(u'"HTS"', 33393)
(u'"LRD"', 33116)
(u'"FLG"', 33047)
(u'"MTJ"', 32869)
(u'"LAW"', 32671)
(u'"SPS"', 32180)
(u'"EYW"', 31607)
(u'"GUM"', 30462)
(u'"SJT"', 30230)
(u'"BRO"', 28597)
(u'"CDV"', 28473)
(u'"PSG"', 28254)
(u'"YAK"', 28226)
(u'"CLD"', 27760)
(u'"ASE"', 27272)
(u'"ORH"', 26870)
(u'"WRG"', 26349)
(u'"EKO"', 24789)
(u'"BRW"', 24669)
(u'"TWF"', 24235)
(u'"MOD"', 23336)
(u'"ILE"', 23192)
(u'"RDD"', 23109)
(u'"SMX"', 22689)
(u'"SCC"', 21799)
(u'"TXK"', 21497)
(u'"BTM"', 21328)
(u'"PIH"', 21328)
(u'"OAJ"', 20971)
(u'"DHN"', 20700)
(u'"ADQ"', 19362)
(u'"DBQ"', 18654)
(u'"OXR"', 18538)
(u'"SPN"', 17968)
(u'"LYH"', 17856)
(u'"GGG"', 17443)
(u'"ACY"', 17267)
(u'"BPT"', 16911)
(u'"BQN"', 16333)
(u'"LCH"', 15793)
(u'"ABY"', 15678)
(u'"GTR"', 14858)
(u'"GUC"', 14493)
(u'"MCN"', 14403)
(u'"VLD"', 14346)
(u'"HVN"', 14260)
(u'"CIC"', 14105)
(u'"CWA"', 13839)
(u'"BQK"', 13697)
(u'"BLI"', 13662)
(u'"COD"', 13177)
(u'"SCE"', 12908)
(u'"PUB"', 12853)
(u'"PIE"', 12574)
(u'"MEI"', 12383)
(u'"CEC"', 12340)
(u'"IYK"', 11882)
(u'"DUT"', 11589)
(u'"SPI"', 11436)
(u'"AKN"', 11386)
(u'"GCN"', 11215)
(u'"ISO"', 11122)
(u'"IPL"', 11087)
(u'"MQT"', 10847)
(u'"FLO"', 9888)
(u'"DLG"', 9273)
(u'"UCA"', 8816)
(u'"CCR"', 8145)
(u'"Seattle', 7924)
(u'"APF"', 7507)
(u'"CDC"', 7397)
(u'"EFD"', 7279)
(u'"PMD"', 6579)
(u'"SCK"', 6492)
(u'"TVL"', 6139)
(u'"PSE"', 5522)
(u'"LWS"', 5273)
(u'"Houston', 5179)
(u'"VCT"', 4879)
(u'"ROR"', 4415)
(u'"VIS"', 3975)
(u'"TUP"', 3954)
(u'"ROP"', 3877)
(u'"EAU"', 3646)
(u'"ACK"', 3633)
(u'"GST"', 3571)
(u'"HHH"', 3547)
(u'"YKM"', 3377)
(u'"LWB"', 3372)
(u'"Denver', 3367)
(u'"TTN"', 3358)
(u'"Chicago', 3318)
(u'"WYS"', 3249)
(u'"RFD"', 3142)
(u'"Phoenix', 3067)
(u'"Atlanta', 3021)
(u'"St. Louis', 2833)
(u'"Sitka', 2658)
(u'"EWN"', 2549)
(u'"Los Angeles', 2455)
(u'"Dallas/Ft.Worth', 2389)
(u'"ALO"', 2318)
(u'"New York', 2231)
(u'"San Francisco', 2125)
(u'"ROW"', 2049)
(u'"Las Vegas', 2003)
(u'"Wrangell', 1938)
(u'"San Antonio', 1899)
(u'"Dallas/Ft. Worth', 1834)
(u'"Austin', 1795)
(u'"SLE"', 1764)
(u'"Juneau', 1744)
(u'"Washington', 1582)
(u'"Oklahoma City', 1577)
(u'"Minneapolis/St. Paul', 1564)
(u'"ILG"', 1564)
(u'"PLN"', 1551)
(u'"Detroit', 1523)
(u'"Memphis', 1518)
(u'"GCC"', 1492)
(u'"Tulsa', 1472)
(u'"Miami', 1371)
(u'"HKY"', 1344)
(u'"Albuquerque', 1318)
(u'"TEX"', 1310)
(u'"Dallas', 1302)
(u'"YAP"', 1299)
(u'"San Jose', 1273)
(u'"El Paso', 1227)
(u'"RKS"', 1194)
(u'"ADK"', 1148)
(u'"Cincinnati', 1146)
(u'"Kansas City', 1092)
(u'"CMX"', 1059)
(u'"Oakland', 1054)
(u'"Sacramento', 950)
(u'"Pittsburgh', 935)
(u'"Philadelphia', 925)
(u'"Charlotte', 924)
(u'"Salt Lake City', 924)
(u'"Lubbock', 899)
(u'"ANI"', 895)
(u'"Little Rock', 882)
(u'"KSM"', 882)
(u'"Amarillo', 871)
(u'"New Orleans', 862)
(u'"Newark', 844)
(u'"Orlando', 841)
(u'"Ontario/San Bernardino', 790)
(u'"MKG"', 788)
(u'"RHI"', 782)
(u'"Boston', 688)
(u'"Nashville', 673)
(u'"Santa Ana', 668)
(u'"SOP"', 636)
(u'"International Airport', 615)
(u'"Shreveport', 609)
(u'"Portland', 603)
(u'"INL"', 580)
(u'"LNY"', 579)
(u'"MKK"', 577)
(u'"Midland/Odessa', 575)
(u'"Cleveland', 570)
(u'""', 564)
(u'"Baltimore', 561)
(u'"Tucson', 559)
(u'"OTH"', 543)
(u'"LMT"', 542)
(u'"Raleigh/Durham', 536)
(u'"Reno', 513)
(u'"Wichita', 511)
(u'"Columbus', 510)
(u'"Tampa', 506)
(u'"Louisville', 487)
(u'"Baton Rouge', 443)
(u'"Colorado Springs', 441)
(u'"BJI"', 404)
(u'"Dayton', 398)
(u'"Jackson/Vicksburg', 343)
(u'"Fort Lauderdale', 329)
(u'"Omaha', 327)
(u'"Indianapolis', 283)
(u'"Long Beach', 276)
(u'"Corpus Christi', 269)
(u'"MTH"', 255)
(u'"Honolulu', 248)
(u'"Jackson', 244)
(u'"Origin"', 240)
(u'"DestCityName"', 240)
(u'"MAZ"', 239)
(u'"San Diego', 236)
(u'"Boise', 236)
(u'"Hartford', 225)
(u'"Birmingham', 222)
(u'"Harlingen/San Benito', 213)
(u'"West Palm Beach/Palm Beach', 209)
(u'"Anchorage', 184)
(u'"Spokane', 182)
(u'"Bozeman', 182)
(u'"Missoula', 181)
(u'"MIB"', 178)
(u'"Kalispell', 177)
(u'"Billings', 177)
(u'"Pasco/Kennewick/Richland', 174)
(u'"Indio/Palm Springs', 173)
(u'"Evansville', 172)
(u'"Jacksonville', 160)
(u'"Ft. Myers', 156)
(u'"Huntsville', 152)
(u'"Helena', 120)
(u'"Great Falls', 120)
(u'"Fresno', 119)
(u'"Idaho Falls', 119)
(u'"Steamboat Springs/Hayden', 118)
(u'"Milwaukee', 118)
(u'"Knoxville', 115)
(u'"Burbank', 114)
(u'"Greensboro/High Point', 113)
(u'"Des Moines', 109)
(u'"Gunnison', 109)
(u'"Flagstaff', 107)
(u'"San Juan', 106)
(u'"Santa Barbara', 102)
(u'"RDR"', 92)
(u'"Charleston', 59)
(u'"Monroe', 59)
(u'"Norfolk', 57)
(u'"Mobile', 56)
(u'"Bakersfield', 56)
(u'"Sarasota/Bradenton', 55)
(u'"Richmond', 53)
(u'"Savannah', 51)
(u'"OGD"', 25)
(u'"CYS"', 14)
(u'"CKB"', 14)
(u'"PVU"', 13)
(u'"Kalamazoo', 9)
(u'"FMN"', 8)
(u'"PIR"', 8)
(u'"GLH"', 4)
(u'"MKC"', 3)
(u'"BFF"', 3)
(u'"BFI"', 2)
(u'"LAR"', 2)
(u'"LBF"', 1)
(u'"Fort Wayne', 1)
(u'"CBM"', 1)
(u'"RCA"', 1)
(u'"SKA"', 1)
