*****---****
(('2008-04-03', 'BOS', 'ATL', 'LAX'), (((u'BOS', u'ATL', u'FL', u'270', u'0600', 7.0), (u'ATL', u'LAX', u'FL', u'40', u'1852', -2.0)), 5.0))
*****---****
(('2008-09-09', 'JAX', 'DFW', 'CRP'), (((u'JAX', u'DFW', u'AA', u'845', u'0725', 1.0), (u'DFW', u'CRP', u'MQ', u'3627', u'1645', -7.0)), -6.0))
*****---****
(('2008-05-16', 'LAX', 'MIA', 'LAX'), (((u'LAX', u'MIA', u'AA', u'280', u'0820', 10.0), (u'MIA', u'LAX', u'AA', u'456', u'1930', -19.0)), -9.0))
*****---****
(('2008-09-07', 'PHX', 'JFK', 'MSP'), (((u'PHX', u'JFK', u'B6', u'178', u'1130', -25.0), (u'JFK', u'MSP', u'NW', u'609', u'1750', -17.0)), -42.0))
*****---****
(('2008-01-01', 'LAX', 'ORD', 'JFK'), (((u'LAX', u'ORD', u'UA', u'944', u'0705', 1.0), (u'ORD', u'JFK', u'B6', u'918', u'1900', -7.0)), -6.0))
*****---****
(('2008-07-12', 'LAX', 'SFO', 'PHX'), (((u'LAX', u'SFO', u'WN', u'3534', u'0650', -13.0), (u'SFO', u'PHX', u'US', u'412', u'1925', -19.0)), -32.0))
*****---****
(('2008-04-01', 'SLC', 'BFL', 'LAX'), (((u'SLC', u'BFL', u'OO', u'3755', u'1100', 12.0), (u'BFL', u'LAX', u'OO', u'5429', u'1455', 6.0)), 18.0))
*****---****
(('2008-01-24', 'DFW', 'STL', 'ORD'), (((u'DFW', u'STL', u'AA', u'1336', u'0705', -14.0), (u'STL', u'ORD', u'AA', u'2245', u'1655', -5.0)), -19.0))
*****---****
(('2008-06-10', 'DFW', 'ORD', 'DFW'), (((u'DFW', u'ORD', u'UA', u'1104', u'0700', -21.0), (u'ORD', u'DFW', u'AA', u'2341', u'1645', -10.0)), -31.0))
*****---****
(('2008-03-04', 'CMI', 'ORD', 'LAX'), (((u'CMI', u'ORD', u'MQ', u'4278', u'0710', -14.0), (u'ORD', u'LAX', u'AA', u'607', u'1950', -24.0)), -38.0))
